{"synthetic": false,
 "schemaVersion": "2025-09-10",
 "outputs":
 {"o": ["338ac25c21b0c2ef.olean"],
  "i": "221ac21f2a116214.ilean",
  "c": "552284f87eb251e8.c"},
 "log":
 [{"message":
   ".> LEAN_PATH=/Users/loser/projects/sour-verification/lean/.lake/build/lib/lean /Users/loser/.elan/toolchains/leanprover--lean4---v4.29.1/bin/lean /Users/loser/projects/sour-verification/lean/SourVerification/Sour/NoBadDebt.lean -o /Users/loser/projects/sour-verification/lean/.lake/build/lib/lean/SourVerification/Sour/NoBadDebt.olean -i /Users/loser/projects/sour-verification/lean/.lake/build/lib/lean/SourVerification/Sour/NoBadDebt.ilean -c /Users/loser/projects/sour-verification/lean/.lake/build/ir/SourVerification/Sour/NoBadDebt.c --setup /Users/loser/projects/sour-verification/lean/.lake/build/ir/SourVerification/Sour/NoBadDebt.setup.json --json",
   "level": "trace"}],
 "inputs":
 [["SourVerification.Sour.NoBadDebt:deps",
   [["deps",
     [["SourVerification/SourVerification:extraDep",
       [["@SourVerification:extraDep", "00000000000006bb"]]],
      ["imports", "00000000000006bb"]]],
    ["libs",
     [["import dynlibs", "00000000000006bb"],
      ["package external libraries", "00000000000006bb"],
      ["module dynlibs", "00000000000006bb"],
      ["module plugins", "00000000000006bb"]]]]],
  ["Lean 4.29.1, commit f72c35b3f637c8c6571d353742168ab66cc22c00",
   "fa77a35a41db35c0"],
  ["/Users/loser/projects/sour-verification/lean/SourVerification/Sour/NoBadDebt.lean",
   "f2007c80c3b9bb83"],
  ["options", "00000000000006bb"],
  ["isModule: false", "feefd2a0d3a1847e"],
  ["Module.name: SourVerification.Sour.NoBadDebt", "6cff86bafe7b94b8"],
  ["Package.id?: (some SourVerification)", "09c4211e300fbb09"],
  ["Module.leanArgs: #[]", "00000000000006bb"]],
 "depHash": "868cfd5a261805e0"}